<?xml version="1.0" encoding="UTF-8"?>
<!-- Generated by org.testng.reporters.JUnitReportReporter -->
<testsuite hostname="LN0C5772E6454B" name="testCases.ExecuteTest" tests="1" failures="0" timestamp="28 May 2018 06:28:21 GMT" time="6.114" errors="0">
  <testcase name="testLogin" time="6.114" classname="testCases.ExecuteTest"/>
</testsuite> <!-- testCases.ExecuteTest -->
